<?xml version="1.0" encoding="UTF-8"?>
<testng-results skipped="0" failed="0" total="2" passed="2">
  <reporter-output>
  </reporter-output>
  <suite name="Default suite" duration-ms="32646" started-at="2020-04-30T09:29:07Z" finished-at="2020-04-30T09:29:40Z">
    <groups>
    </groups>
    <test name="Default test" duration-ms="32646" started-at="2020-04-30T09:29:07Z" finished-at="2020-04-30T09:29:40Z">
      <class name="com.automation.TestCases">
        <test-method status="PASS" signature="driverFactory()[pri:0, instance:com.automation.TestCases@7a765367]" name="driverFactory" is-config="true" duration-ms="11420" started-at="2020-04-30T14:59:07Z" finished-at="2020-04-30T14:59:19Z">
          <reporter-output>
          </reporter-output>
        </test-method> <!-- driverFactory -->
        <test-method status="PASS" signature="testcase1()[pri:1, instance:com.automation.TestCases@7a765367]" name="testcase1" duration-ms="2670" started-at="2020-04-30T14:59:19Z" finished-at="2020-04-30T14:59:21Z">
          <reporter-output>
          </reporter-output>
        </test-method> <!-- testcase1 -->
        <test-method status="PASS" signature="driverQuit()[pri:0, instance:com.automation.TestCases@7a765367]" name="driverQuit" is-config="true" duration-ms="752" started-at="2020-04-30T14:59:21Z" finished-at="2020-04-30T14:59:22Z">
          <reporter-output>
          </reporter-output>
        </test-method> <!-- driverQuit -->
        <test-method status="PASS" signature="driverFactory()[pri:0, instance:com.automation.TestCases@7a765367]" name="driverFactory" is-config="true" duration-ms="9808" started-at="2020-04-30T14:59:22Z" finished-at="2020-04-30T14:59:32Z">
          <reporter-output>
          </reporter-output>
        </test-method> <!-- driverFactory -->
        <test-method status="PASS" signature="testcase4()[pri:4, instance:com.automation.TestCases@7a765367]" name="testcase4" duration-ms="7267" started-at="2020-04-30T14:59:32Z" finished-at="2020-04-30T14:59:39Z">
          <reporter-output>
          </reporter-output>
        </test-method> <!-- testcase4 -->
        <test-method status="PASS" signature="driverQuit()[pri:0, instance:com.automation.TestCases@7a765367]" name="driverQuit" is-config="true" duration-ms="699" started-at="2020-04-30T14:59:39Z" finished-at="2020-04-30T14:59:40Z">
          <reporter-output>
          </reporter-output>
        </test-method> <!-- driverQuit -->
      </class> <!-- com.automation.TestCases -->
    </test> <!-- Default test -->
  </suite> <!-- Default suite -->
</testng-results>
